-------------------------------------------------------------------------------
Test set: com.graphdatabase.GraphApplicationTests
-------------------------------------------------------------------------------
Tests run: 1, Failures: 0, Errors: 1, Skipped: 0, Time elapsed: 5.413 s <<< FAILURE! - in com.graphdatabase.GraphApplicationTests
contextLoads(com.graphdatabase.GraphApplicationTests)  Time elapsed: 0 s  <<< ERROR!
java.lang.IllegalStateException: Failed to load ApplicationContext
Caused by: org.springframework.beans.factory.UnsatisfiedDependencyException: Error creating bean with name 'neo4jAuditionBeanFactoryPostProcessor': Unsatisfied dependency expressed through constructor parameter 0; nested exception is org.springframework.beans.factory.BeanCreationException: Error creating bean with name 'sessionFactory' defined in class path resource [org/springframework/boot/autoconfigure/data/neo4j/Neo4jDataAutoConfiguration.class]: Bean instantiation via factory method failed; nested exception is org.springframework.beans.BeanInstantiationException: Failed to instantiate [org.neo4j.ogm.session.SessionFactory]: Factory method 'sessionFactory' threw exception; nested exception is org.neo4j.ogm.exception.core.MetadataException: The type of @Generated field in class com.graphdatabase.nodeEntity.UserNode must be also annotated with @Id.
Caused by: org.springframework.beans.factory.BeanCreationException: Error creating bean with name 'sessionFactory' defined in class path resource [org/springframework/boot/autoconfigure/data/neo4j/Neo4jDataAutoConfiguration.class]: Bean instantiation via factory method failed; nested exception is org.springframework.beans.BeanInstantiationException: Failed to instantiate [org.neo4j.ogm.session.SessionFactory]: Factory method 'sessionFactory' threw exception; nested exception is org.neo4j.ogm.exception.core.MetadataException: The type of @Generated field in class com.graphdatabase.nodeEntity.UserNode must be also annotated with @Id.
Caused by: org.springframework.beans.BeanInstantiationException: Failed to instantiate [org.neo4j.ogm.session.SessionFactory]: Factory method 'sessionFactory' threw exception; nested exception is org.neo4j.ogm.exception.core.MetadataException: The type of @Generated field in class com.graphdatabase.nodeEntity.UserNode must be also annotated with @Id.
Caused by: org.neo4j.ogm.exception.core.MetadataException: The type of @Generated field in class com.graphdatabase.nodeEntity.UserNode must be also annotated with @Id.

